<?xml version="1.0" encoding="UTF-8"?>
<!-- Generated by org.testng.reporters.JUnitReportReporter -->
<testsuite hostname="DESKTOP-V82BEDM" failures="0" tests="7" name="testCases.AdminPageTest" time="51.276" errors="0" timestamp="18 May 2024 04:28:53 GMT" skipped="3">
  <testcase classname="testCases.AdminPageTest" name="clickLocations" time="5.949"/>
  <testcase classname="testCases.AdminPageTest" name="editGeneralInformation" time="5.652"/>
  <testcase classname="testCases.AdminPageTest" name="launchURL" time="24.295"/>
  <testcase classname="testCases.AdminPageTest" name="pageLogin" time="15.380"/>
  <testcase classname="testCases.AdminPageTest" name="pageAdmin">
    <skipped/>
  </testcase> <!-- pageAdmin -->
  <testcase classname="testCases.AdminPageTest" name="searchUser">
    <skipped/>
  </testcase> <!-- searchUser -->
  <testcase classname="testCases.AdminPageTest" name="editUser">
    <skipped/>
  </testcase> <!-- editUser -->
</testsuite> <!-- testCases.AdminPageTest -->
